<?xml version="1.0" encoding="UTF-8"?>
<!-- Generated by org.testng.reporters.JUnitReportReporter -->
<testsuite hostname="LAPTOP-HJ41S9EJ" failures="0" tests="1" name="Filter4Life.Filter4Life_01_Login" time="7.297" errors="0" timestamp="2023-05-15T13:02:25 BST" skipped="0">
  <testcase classname="Filter4Life.Filter4Life_01_Login" name="BrowserSetup" time="7.297"/>
  <system-out/>
</testsuite> <!-- Filter4Life.Filter4Life_01_Login -->
