<?xml version="1.0" encoding="UTF-8"?>
<!-- Generated by org.testng.reporters.JUnitReportReporter -->
<testsuite hostname="LAPTOP-HJ41S9EJ" failures="0" tests="1" name="TestNg.MyntraMainPage" time="21.952" errors="0" timestamp="2023-05-12T09:43:36 BST" skipped="0">
  <testcase classname="TestNg.MyntraMainPage" name="BrowserSetup" time="21.952"/>
  <system-out/>
</testsuite> <!-- TestNg.MyntraMainPage -->
