<?xml version="1.0" encoding="UTF-8"?>
<!-- Generated by org.testng.reporters.JUnitReportReporter -->
<testsuite hostname="LAPTOP-HJ41S9EJ" failures="0" tests="1" name="Filter4Life.LoginExecutor" time="7.894" errors="0" timestamp="2023-05-15T14:03:39 BST" skipped="0">
  <testcase classname="Filter4Life.LoginExecutor" name="loginTest" time="7.894"/>
  <system-out/>
</testsuite> <!-- Filter4Life.LoginExecutor -->
