<?xml version="1.0" encoding="UTF-8"?>
<!-- Generated by org.testng.reporters.JUnitReportReporter -->
<testsuite hostname="LAPTOP-HJ41S9EJ" failures="0" tests="5" name="TestNg.DependenceMethod" time="0.019" errors="0" timestamp="2023-05-11T10:29:09 BST" skipped="0">
  <testcase classname="TestNg.DependenceMethod" name="LoginTest" time="0.001"/>
  <system-out/>
  <testcase classname="TestNg.DependenceMethod" name="CartTest" time="0.002"/>
  <system-out/>
  <testcase classname="TestNg.DependenceMethod" name="EndToEndTest" time="0.011"/>
  <system-out/>
  <testcase classname="TestNg.DependenceMethod" name="WhishListTest" time="0.002"/>
  <system-out/>
  <testcase classname="TestNg.DependenceMethod" name="RegisterTest" time="0.003"/>
  <system-out/>
</testsuite> <!-- TestNg.DependenceMethod -->
