<?xml version="1.0" encoding="UTF-8"?>
<!-- Generated by org.testng.reporters.JUnitReportReporter -->
<testsuite hostname="LAPTOP-HJ41S9EJ" failures="0" tests="1" name="TestNg.ChronologicalOrder" time="0.011" errors="0" timestamp="2023-05-08T11:13:38 BST" skipped="0">
  <testcase classname="TestNg.ChronologicalOrder" name="testAnnotation" time="0.011"/>
  <system-out/>
</testsuite> <!-- TestNg.ChronologicalOrder -->
