<?xml version="1.0" encoding="UTF-8"?>
<!-- Generated by org.testng.reporters.JUnitReportReporter -->
<testsuite hostname="LAPTOP-HJ41S9EJ" failures="0" tests="1" name="TestNg.LoginTest" time="5.237" errors="0" timestamp="2023-05-08T15:06:36 BST" skipped="0">
  <testcase classname="TestNg.LoginTest" name="LoginTest" time="5.237"/>
  <system-out/>
</testsuite> <!-- TestNg.LoginTest -->
