<?xml version="1.0" encoding="UTF-8"?>
<!-- Generated by org.testng.reporters.JUnitReportReporter -->
<testsuite hostname="LAPTOP-HJ41S9EJ" failures="0" tests="1" name="TestNg.AssertEquals" time="9.736" errors="0" timestamp="2023-05-16T11:16:37 BST" skipped="0">
  <testcase classname="TestNg.AssertEquals" name="assertionTest" time="9.736"/>
  <system-out/>
</testsuite> <!-- TestNg.AssertEquals -->
