<?xml version="1.0" encoding="UTF-8"?>
<!-- Generated by org.testng.reporters.JUnitReportReporter -->
<testsuite hostname="LAPTOP-HJ41S9EJ" failures="0" tests="1" name="TestNg.SampleTestCase" time="9.884" errors="0" timestamp="2023-05-08T10:52:28 BST" skipped="0">
  <testcase classname="TestNg.SampleTestCase" name="sampleTest" time="9.884"/>
  <system-out/>
</testsuite> <!-- TestNg.SampleTestCase -->
