<?xml version="1.0" encoding="UTF-8"?>
<!-- Generated by org.testng.reporters.JUnitReportReporter -->
<testsuite hostname="LAPTOP-HJ41S9EJ" failures="0" tests="1" name="TestNg.RegisterTest" time="32.574" errors="0" timestamp="2023-05-10T09:56:31 BST" skipped="0">
  <testcase classname="TestNg.RegisterTest" name="RegisterTest" time="32.574"/>
  <system-out/>
</testsuite> <!-- TestNg.RegisterTest -->
