<?xml version="1.0" encoding="UTF-8"?>
<!-- Generated by org.testng.reporters.JUnitReportReporter -->
<testsuite hostname="LAPTOP-HJ41S9EJ" failures="0" tests="4" name="TestNg.ParalellExecution" time="98.444" errors="0" timestamp="2023-05-15T13:15:11 BST" skipped="0">
  <testcase classname="TestNg.ParalellExecution" name="LoginTest" time="22.993"/>
  <system-out/>
  <testcase classname="TestNg.ParalellExecution" name="LoginTest" time="24.919"/>
  <system-out/>
  <testcase classname="TestNg.ParalellExecution" name="LoginTest" time="25.749"/>
  <system-out/>
  <testcase classname="TestNg.ParalellExecution" name="LoginTest" time="24.783"/>
  <system-out/>
</testsuite> <!-- TestNg.ParalellExecution -->
