<?xml version="1.0" encoding="UTF-8"?>
<!-- Generated by org.testng.reporters.JUnitReportReporter -->
<testsuite hostname="LAPTOP-HJ41S9EJ" failures="0" tests="5" name="TestNg.GroupExecution" time="0.029" errors="0" timestamp="2023-05-10T10:24:15 BST" skipped="0">
  <testcase classname="TestNg.GroupExecution" name="EndToEndTest" time="0.002"/>
  <system-out/>
  <testcase classname="TestNg.GroupExecution" name="WhishListTest" time="0.010"/>
  <system-out/>
  <testcase classname="TestNg.GroupExecution" name="LoginTest" time="0.003"/>
  <system-out/>
  <testcase classname="TestNg.GroupExecution" name="CartTest" time="0.012"/>
  <system-out/>
  <testcase classname="TestNg.GroupExecution" name="RegisterTest" time="0.002"/>
  <system-out/>
</testsuite> <!-- TestNg.GroupExecution -->
