<?xml version="1.0" encoding="UTF-8"?>
<!-- Generated by org.testng.reporters.JUnitReportReporter -->
<testsuite hostname="LAPTOP-HJ41S9EJ" failures="0" tests="1" name="TestNg.LearningTestAnnotations" time="0.010" errors="0" timestamp="2023-05-08T10:52:28 BST" skipped="0">
  <testcase classname="TestNg.LearningTestAnnotations" name="sampleTest" time="0.010"/>
  <system-out/>
</testsuite> <!-- TestNg.LearningTestAnnotations -->
